----------

Thu Mar 14 2024 11:21:43 GMT+0400 (Gulf Standard Time)

'#!' is not recognized as an internal or external command,
operable program or batch file.


----------

Thu Mar 14 2024 11:21:43 GMT+0400 (Gulf Standard Time)

fatal: not a git repository (or any of the parent directories): .git


----------

Thu Mar 14 2024 11:21:43 GMT+0400 (Gulf Standard Time)

fatal: not a git repository (or any of the parent directories): .git


----------

Thu Mar 14 2024 11:21:43 GMT+0400 (Gulf Standard Time)

fatal: not a git repository (or any of the parent directories): .git


----------

Thu Mar 14 2024 11:22:39 GMT+0400 (Gulf Standard Time)

warning: in the working copy of 'assets/bootstrap/css/bootstrap.min.css', LF will be replaced by CRLF the next time Git touches it


----------

Thu Mar 14 2024 11:22:39 GMT+0400 (Gulf Standard Time)

warning: in the working copy of 'assets/bootstrap/js/bootstrap.min.js', LF will be replaced by CRLF the next time Git touches it


----------

Thu Mar 14 2024 11:22:39 GMT+0400 (Gulf Standard Time)

warning: in the working copy of 'assets/css/Hero-Clean-Reverse-images.css', LF will be replaced by CRLF the next time Git touches it


----------

Thu Mar 14 2024 11:22:39 GMT+0400 (Gulf Standard Time)

warning: in the working copy of 'assets/css/Navbar-Right-Links-Dark-icons.css', LF will be replaced by CRLF the next time Git touches it


----------

Thu Mar 14 2024 11:22:39 GMT+0400 (Gulf Standard Time)

warning: in the working copy of 'assets/css/Profile-with-data-and-skills.css', LF will be replaced by CRLF the next time Git touches it


----------

Thu Mar 14 2024 11:22:39 GMT+0400 (Gulf Standard Time)

warning: in the working copy of 'index.html', LF will be replaced by CRLF the next time Git touches it


----------

Thu Mar 14 2024 11:22:39 GMT+0400 (Gulf Standard Time)

warning: in the working copy of 'error.log', LF will be replaced by CRLF the next time Git touches it


----------

Thu Mar 14 2024 11:22:42 GMT+0400 (Gulf Standard Time)

To https://github.com/shamzaou/shamzaou.github.io.git
   d68037a..5338caa  master -> master


